\BOOKMARK [0][-]{chapter*.10}{\376\377\000\332\000v\000o\000d}{}% 1
\BOOKMARK [0][-]{chapter.1}{\376\377\000P\000r\000e\000h\001\076\000a\000d\000\040\000p\000r\000o\000b\000l\000e\000m\000a\000t\000i\000k\000y}{}% 2
\BOOKMARK [1][-]{section.1.1}{\376\377\000T\000e\000\363\000r\000i\000a\000\040\000g\000r\000a\000f\000o\000v}{chapter.1}% 3
\BOOKMARK [1][-]{section.1.2}{\376\377\000M\000o\000d\000e\000l\000y\000\040\000s\000i\000e\000t\000\355}{chapter.1}% 4
\BOOKMARK [2][-]{subsection.1.2.1}{\376\377\000N\000\341\000h\000o\000d\000n\000\341\000\040\000s\000i\000e\001\145}{section.1.2}% 5
\BOOKMARK [2][-]{subsection.1.2.2}{\376\377\000B\000e\000z\001\141\000k\000\341\000l\000o\000v\000\341\000\040\000s\000i\000e\001\145}{section.1.2}% 6
\BOOKMARK [1][-]{section.1.3}{\376\377\000S\000l\000o\000v\000n\000\351\000\040\000s\000i\000e\000t\000e}{chapter.1}% 7
\BOOKMARK [1][-]{section.1.4}{\376\377\000I\000n\000t\000e\000r\000p\000u\000n\000k\000c\000i\000a}{chapter.1}% 8
\BOOKMARK [0][-]{chapter.2}{\376\377\000P\000o\000u\001\176\000i\000t\000\351\000\040\000t\000e\000c\000h\000n\000o\000l\000\363\000g\000i\000e}{}% 9
\BOOKMARK [1][-]{section.2.1}{\376\377\000N\000e\000t\000w\000o\000r\000k\000X}{chapter.2}% 10
\BOOKMARK [0][-]{chapter.3}{\376\377\000T\000v\000o\000r\000b\000a\000\040\000a\000p\000l\000i\000k\000\341\000c\000i\000e}{}% 11
\BOOKMARK [1][-]{section.3.1}{\376\377\000P\000r\000\355\000s\000t\000u\000p\000\040\000k\000\040\000p\000r\000o\000b\000l\000e\000m\000a\000t\000i\000k\000e}{chapter.3}% 12
\BOOKMARK [1][-]{section.3.2}{\376\377\000G\000r\000a\000f\000i\000c\000k\000\351\000\040\000p\000o\000u\001\176\000\355\000v\000a\000t\000e\001\076\000s\000k\000\351\000\040\000r\000o\000z\000h\000r\000a\000n\000i\000e}{chapter.3}% 13
\BOOKMARK [1][-]{section.3.3}{\376\377\000T\000v\000o\000r\000b\000a\000\040\000s\000l\000o\000v\000n\000e\000j\000\040\000s\000i\000e\000t\000e}{chapter.3}% 14
\BOOKMARK [1][-]{section.3.4}{\376\377\000Z\000o\000b\000r\000a\000z\000e\000n\000i\000e\000\040\000v\000\375\000s\000t\000u\000p\000n\000\375\000c\000h\000\040\000c\000h\000a\000r\000a\000k\000t\000e\000r\000i\000s\000t\000\355\000k}{chapter.3}% 15
\BOOKMARK [2][-]{subsection.3.4.1}{\376\377\000L\000o\000g\000a\000r\000i\000t\000m\000i\000c\000k\000\351\000\040\000z\000h\000l\000u\000k\000o\000v\000a\000n\000i\000e}{section.3.4}% 16
\BOOKMARK [2][-]{subsection.3.4.2}{\376\377\000D\000i\000s\000t\000r\000i\000b\000\372\000c\000i\000a\000\040\000s\000t\000u\000p\001\110\000o\000v\000\040\000v\000r\000c\000h\000o\000l\000o\000v}{section.3.4}% 17
\BOOKMARK [2][-]{subsection.3.4.3}{\376\377\000R\000a\000s\000t\000o\000v\000\341\000\040\000a\000n\000a\000l\000\375\000z\000a\000\040\000s\000i\000e\000t\000e}{section.3.4}% 18
\BOOKMARK [1][-]{section.3.5}{\376\377\000V\000\375\000p\000o\001\015\000e\000t\000\040\000a\000n\000a\000l\000\375\000z\000y\000\040\000s\000i\000e\000t\000e}{chapter.3}% 19
\BOOKMARK [1][-]{section.3.6}{\376\377\000S\000i\000m\000u\000l\000\341\000c\000i\000a\000\040\000D\000o\000r\000o\000g\000o\000v\000t\000s\000e\000v\000-\000M\000e\000n\000d\000e\000s\000\040\000m\000o\000d\000e\000l\000u}{chapter.3}% 20
\BOOKMARK [1][-]{section.3.7}{\376\377\000U\000l\000o\001\176\000e\000n\000i\000e\000\040\000s\000i\000e\000t\000e\000\040\000d\000o\000\040\000s\000\372\000b\000o\000r\000u}{chapter.3}% 21
\BOOKMARK [1][-]{section.3.8}{\376\377\000T\000e\000s\000t\000o\000v\000a\000n\000i\000e}{chapter.3}% 22
\BOOKMARK [2][-]{subsection.3.8.1}{\376\377\000T\000e\000s\000t\000o\000v\000a\000n\000i\000e\000\040\000p\000r\000e\000d\000s\000p\000r\000a\000c\000o\000v\000a\000n\000i\000a\000\040\000t\000e\000x\000t\000u\000\040\000a\000\040\000v\000y\000t\000v\000o\000r\000e\000n\000i\000a\000\040\000s\000l\000o\000v\000n\000e\000j\000\040\000s\000i\000e\000t\000e}{section.3.8}% 23
\BOOKMARK [2][-]{subsection.3.8.2}{\376\377\000T\000e\000s\000t\000o\000v\000a\000n\000i\000e\000\040\000g\000r\000a\000f\000i\000c\000k\000\351\000h\000o\000\040\000p\000o\000u\001\176\000\355\000v\000a\000t\000e\001\076\000s\000k\000\351\000h\000o\000\040\000r\000o\000z\000h\000r\000a\000n\000i\000a}{section.3.8}% 24
\BOOKMARK [2][-]{subsection.3.8.3}{\376\377\000T\000e\000s\000t\000o\000v\000a\000n\000i\000e\000\040\000a\000n\000a\000l\000\375\000z\000y\000\040\000s\000i\000e\000t\000e}{section.3.8}% 25
\BOOKMARK [1][-]{section.3.9}{\376\377\000M\000o\001\176\000n\000o\000s\000t\000i\000\040\000b\000u\000d\000\372\000c\000e\000h\000o\000\040\000r\000o\000z\001\141\000\355\000r\000e\000n\000i\000a}{chapter.3}% 26
\BOOKMARK [0][-]{chapter.4}{\376\377\000A\000n\000a\000l\000\375\000z\000a\000\040\000t\000e\000x\000t\000o\000v}{}% 27
\BOOKMARK [1][-]{section.4.1}{\376\377\000V\000\375\000v\000o\000j\000\040\000s\000l\000o\000v\000n\000e\000j\000\040\000s\000i\000e\000t\000e}{chapter.4}% 28
\BOOKMARK [1][-]{section.4.2}{\376\377\000G\000r\000a\000f\000o\000v\000\341\000\040\000a\000n\000a\000l\000\375\000z\000a}{chapter.4}% 29
\BOOKMARK [1][-]{section.4.3}{\376\377\000D\000i\000s\000t\000r\000i\000b\000\372\000c\000i\000a\000\040\000s\000t\000u\000p\001\110\000o\000v\000\040\000v\000r\000c\000h\000o\000l\000o\000v}{chapter.4}% 30
\BOOKMARK [1][-]{section.4.4}{\376\377\000J\000a\000z\000y\000k\000o\000v\000\341\000\040\000a\000n\000a\000l\000\375\000z\000a}{chapter.4}% 31
\BOOKMARK [0][-]{chapter*.32}{\376\377\000Z\000\341\000v\000e\000r}{}% 32
